c:\users\holly\source\repos\airgead investment calculator\airgead .83db5fe1\x64\debug\vc143.pdb
c:\users\holly\source\repos\airgead investment calculator\airgead .83db5fe1\x64\debug\vc143.idb
c:\users\holly\source\repos\airgead investment calculator\airgead .83db5fe1\x64\debug\userinterface.obj
c:\users\holly\source\repos\airgead investment calculator\airgead .83db5fe1\x64\debug\investmentdata.obj
c:\users\holly\source\repos\airgead investment calculator\airgead .83db5fe1\x64\debug\main.obj
c:\users\holly\source\repos\airgead investment calculator\airgead .83db5fe1\x64\debug\datacalculation.obj
c:\users\holly\source\repos\airgead investment calculator\x64\debug\airgead investment calculator.exe
c:\users\holly\source\repos\airgead investment calculator\x64\debug\airgead investment calculator.pdb
c:\users\holly\source\repos\airgead investment calculator\airgead .83db5fe1\x64\debug\airgead investment calculator.res
c:\users\holly\source\repos\airgead investment calculator\airgead .83db5fe1\x64\debug\airgead investment calculator.ilk
c:\users\holly\source\repos\airgead investment calculator\airgead .83db5fe1\x64\debug\airgead .83db5fe1.tlog\cl.command.1.tlog
c:\users\holly\source\repos\airgead investment calculator\airgead .83db5fe1\x64\debug\airgead .83db5fe1.tlog\cl.items.tlog
c:\users\holly\source\repos\airgead investment calculator\airgead .83db5fe1\x64\debug\airgead .83db5fe1.tlog\cl.read.1.tlog
c:\users\holly\source\repos\airgead investment calculator\airgead .83db5fe1\x64\debug\airgead .83db5fe1.tlog\cl.write.1.tlog
c:\users\holly\source\repos\airgead investment calculator\airgead .83db5fe1\x64\debug\airgead .83db5fe1.tlog\link.command.1.tlog
c:\users\holly\source\repos\airgead investment calculator\airgead .83db5fe1\x64\debug\airgead .83db5fe1.tlog\link.read.1.tlog
c:\users\holly\source\repos\airgead investment calculator\airgead .83db5fe1\x64\debug\airgead .83db5fe1.tlog\link.secondary.1.tlog
c:\users\holly\source\repos\airgead investment calculator\airgead .83db5fe1\x64\debug\airgead .83db5fe1.tlog\link.write.1.tlog
c:\users\holly\source\repos\airgead investment calculator\airgead .83db5fe1\x64\debug\airgead .83db5fe1.tlog\rc.command.1.tlog
c:\users\holly\source\repos\airgead investment calculator\airgead .83db5fe1\x64\debug\airgead .83db5fe1.tlog\rc.read.1.tlog
c:\users\holly\source\repos\airgead investment calculator\airgead .83db5fe1\x64\debug\airgead .83db5fe1.tlog\rc.write.1.tlog
